\BOOKMARK [0][-]{Doc-Start}{\376\377\000A\000B\000S\000T\000R\000A\000C\000T}{}% 1
\BOOKMARK [0][-]{Doc-Start}{\376\377\016\032\016\027\016\004\016\061\016\024\016\042\016\110\016\055}{}% 2
\BOOKMARK [0][-]{Doc-Start}{\376\377\016\001\016\064\016\025\016\025\016\064\016\001\016\043\016\043\016\041\016\033\016\043\016\060\016\001\016\062\016\050}{}% 3
\BOOKMARK [0][-]{Doc-Start}{\376\377\016\052\016\062\016\043\016\032\016\061\016\015}{}% 4
\BOOKMARK [0][-]{Doc-Start}{\376\377\016\052\016\062\016\043\016\032\016\061\016\015\016\025\016\062\016\043\016\062\016\007}{}% 5
\BOOKMARK [0][-]{Doc-Start}{\376\377\016\052\016\062\016\043\016\032\016\061\016\015\016\043\016\071\016\033\016\040\016\062\016\036}{}% 6
\BOOKMARK [0][-]{Doc-Start}{\376\377\016\052\016\062\016\043\016\032\016\061\016\015\016\052\016\061\016\015\016\045\016\061\016\001\016\051\016\023\016\114}{}% 7
\BOOKMARK [0][-]{Doc-Start}{\376\377\016\052\016\062\016\043\016\032\016\061\016\015\016\004\016\063\016\050\016\061\016\036\016\027\016\114\016\027\016\062\016\007\016\100\016\027\016\004\016\031\016\064\016\004\016\101\016\045\016\060\016\004\016\063\016\042\016\110\016\055}{}% 8
\BOOKMARK [0][-]{chapter.1}{\376\377\016\032\016\027\016\027\016\065\016\110\000\040\016\032\016\027\016\031\016\063}{}% 9
\BOOKMARK [1][-]{section.1.1}{\376\377\016\027\016\065\016\110\016\041\016\062\016\101\016\045\016\060\016\004\016\047\016\062\016\041\016\052\016\063\016\004\016\061\016\015}{chapter.1}% 10
\BOOKMARK [1][-]{section.1.2}{\376\377\016\047\016\061\016\025\016\026\016\070\016\033\016\043\016\060\016\052\016\007\016\004\016\114}{chapter.1}% 11
\BOOKMARK [1][-]{section.1.3}{\376\377\016\002\016\055\016\032\016\100\016\002\016\025\016\002\016\055\016\007\016\102\016\004\016\043\016\007\016\007\016\062\016\031}{chapter.1}% 12
\BOOKMARK [1][-]{section.1.4}{\376\377\016\033\016\043\016\060\016\102\016\042\016\012\016\031\016\114\016\027\016\065\016\110\016\004\016\062\016\024\016\047\016\110\016\062\016\010\016\060\016\104\016\024\016\111\016\110\016\043\016\061\016\032}{chapter.1}% 13
\BOOKMARK [1][-]{section.1.5}{\376\377\016\025\016\062\016\043\016\062\016\007\016\001\016\062\016\043\016\024\016\063\016\100\016\031\016\064\016\031\016\007\016\062\016\031}{chapter.1}% 14
\BOOKMARK [0][-]{chapter.2}{\376\377\016\032\016\027\016\027\016\065\016\110\000\040\016\027\016\044\016\051\016\016\016\065\016\004\016\047\016\062\016\041\016\043\016\071\016\111\016\101\016\045\016\060\016\007\016\062\016\031\016\027\016\065\016\110\016\100\016\001\016\065\016\110\016\042\016\047\016\002\016\111\016\055\016\007}{}% 15
\BOOKMARK [1][-]{section.2.1}{\376\377\016\043\016\060\016\032\016\032\016\101\016\031\016\060\016\031\016\063\016\052\016\064\016\031\016\004\016\111\016\062}{chapter.2}% 16
\BOOKMARK [1][-]{section.2.2}{\376\377\016\055\016\061\016\045\016\001\016\055\016\043\016\064\016\027\016\066\016\041\016\103\016\031\016\001\016\062\016\043\016\033\016\043\016\060\016\041\016\047\016\045\016\034\016\045\016\002\016\111\016\055\016\004\016\047\016\062\016\041}{chapter.2}% 17
\BOOKMARK [2][-]{subsection.2.2.1}{\376\377\016\055\016\061\016\045\016\001\016\055\016\043\016\064\016\027\016\066\016\041\000\040\000I}{section.2.2}% 18
\BOOKMARK [2][-]{subsection.2.2.2}{\376\377\016\055\016\061\016\045\016\001\016\055\016\043\016\064\016\027\016\066\016\041\000\040\000I}{section.2.2}% 19
\BOOKMARK [1][-]{section.2.3}{\376\377\016\100\016\004\016\043\016\067\016\110\016\055\016\007\016\041\016\067\016\055\016\027\016\065\016\110\016\103\016\012\016\111\016\103\016\031\016\001\016\062\016\043\016\036\016\061\016\022\016\031\016\062}{chapter.2}% 20
\BOOKMARK [0][-]{chapter.3}{\376\377\016\032\016\027\016\027\016\065\016\110\000\040\016\047\016\064\016\030\016\065\016\001\016\062\016\043\016\024\016\063\016\100\016\031\016\064\016\031\016\007\016\062\016\031}{}% 21
\BOOKMARK [1][-]{section.3.1}{\376\377\016\002\016\111\016\055\016\001\016\063\016\053\016\031\016\024\016\101\016\045\016\060\016\004\016\047\016\062\016\041\016\025\016\111\016\055\016\007\016\001\016\062\016\043\016\002\016\055\016\007\016\043\016\060\016\032\016\032}{chapter.3}% 22
\BOOKMARK [1][-]{section.3.2}{\376\377\016\052\016\026\016\062\016\033\016\061\016\025\016\042\016\001\016\043\016\043\016\041\016\043\016\060\016\032\016\032}{chapter.3}% 23
\BOOKMARK [1][-]{section.3.3}{\376\377\000H\000a\000r\000d\000w\000a\000r\000e\000\040\000M\000o\000d\000u\000l\000e\000\040\0001}{chapter.3}% 24
\BOOKMARK [2][-]{subsection.3.3.1}{\376\377\000C\000o\000m\000p\000o\000n\000e\000n\000t\000\040\0001}{section.3.3}% 25
\BOOKMARK [2][-]{subsection.3.3.2}{\376\377\000L\000o\000g\000i\000c\000a\000l\000\040\000C\000i\000r\000c\000u\000i\000t\000\040\000D\000i\000a\000g\000r\000a\000m}{section.3.3}% 26
\BOOKMARK [1][-]{section.3.4}{\376\377\000H\000a\000r\000d\000w\000a\000r\000e\000\040\000M\000o\000d\000u\000l\000e\000\040\0002}{chapter.3}% 27
\BOOKMARK [2][-]{subsection.3.4.1}{\376\377\000C\000o\000m\000p\000o\000n\000e\000n\000t\000\040\0001}{section.3.4}% 28
\BOOKMARK [2][-]{subsection.3.4.2}{\376\377\000C\000o\000m\000p\000o\000n\000e\000n\000t\000\040\0002}{section.3.4}% 29
\BOOKMARK [1][-]{section.3.5}{\376\377\000P\000a\000t\000h\000\040\000F\000i\000n\000d\000i\000n\000g\000\040\000A\000l\000g\000o\000r\000i\000t\000h\000m}{chapter.3}% 30
\BOOKMARK [1][-]{section.3.6}{\376\377\000D\000a\000t\000a\000b\000a\000s\000e\000\040\000D\000e\000s\000i\000g\000n}{chapter.3}% 31
\BOOKMARK [1][-]{section.3.7}{\376\377\000U\000M\000L\000\040\000D\000e\000s\000i\000g\000n}{chapter.3}% 32
\BOOKMARK [1][-]{section.3.8}{\376\377\000G\000U\000I\000\040\000D\000e\000s\000i\000g\000n}{chapter.3}% 33
\BOOKMARK [1][-]{section.3.9}{\376\377\016\001\016\062\016\043\016\055\016\055\016\001\016\101\016\032\016\032\016\001\016\062\016\043\016\027\016\024\016\045\016\055\016\007}{chapter.3}% 34
\BOOKMARK [2][-]{subsection.3.9.1}{\376\377\016\025\016\061\016\047\016\012\016\065\016\111\016\047\016\061\016\024\016\101\016\045\016\060\016\033\016\061\016\010\016\010\016\061\016\042\016\027\016\065\016\110\016\050\016\066\016\001\016\051\016\062}{section.3.9}% 35
\BOOKMARK [2][-]{subsection.3.9.2}{\376\377\016\043\016\071\016\033\016\101\016\032\016\032\016\001\016\062\016\043\016\100\016\001\016\107\016\032\016\002\016\111\016\055\016\041\016\071\016\045}{section.3.9}% 36
\BOOKMARK [0][-]{chapter.4}{\376\377\016\032\016\027\016\027\016\065\016\110\000\040\016\034\016\045\016\001\016\062\016\043\016\024\016\063\016\100\016\031\016\064\016\031\016\007\016\062\016\031}{}% 37
\BOOKMARK [1][-]{section.4.1}{\376\377\016\033\016\043\016\060\016\052\016\064\016\027\016\072\016\030\016\064\016\040\016\062\016\036\016\001\016\062\016\043\016\027\016\063\016\007\016\062\016\031\016\002\016\055\016\007\016\043\016\060\016\032\016\032}{chapter.4}% 38
\BOOKMARK [1][-]{section.4.2}{\376\377\016\004\016\047\016\062\016\041\016\036\016\066\016\007\016\036\016\055\016\103\016\010\016\001\016\062\016\043\016\103\016\012\016\111\016\007\016\062\016\031}{chapter.4}% 39
\BOOKMARK [1][-]{section.4.3}{\376\377\016\001\016\062\016\043\016\047\016\064\016\100\016\004\016\043\016\062\016\060\016\053\016\114\016\002\016\111\016\055\016\041\016\071\016\045\016\101\016\045\016\060\016\034\016\045\016\001\016\062\016\043\016\027\016\024\016\045\016\055\016\007}{chapter.4}% 40
\BOOKMARK [0][-]{chapter.5}{\376\377\016\032\016\027\016\027\016\065\016\110\000\040\016\032\016\027\016\052\016\043\016\070\016\033}{}% 41
\BOOKMARK [1][-]{section.5.1}{\376\377\016\052\016\043\016\070\016\033\016\034\016\045\016\102\016\004\016\043\016\007\016\007\016\062\016\031}{chapter.5}% 42
\BOOKMARK [1][-]{section.5.2}{\376\377\016\033\016\061\016\015\016\053\016\062\016\027\016\065\016\110\016\036\016\032\016\101\016\045\016\060\016\001\016\062\016\043\016\101\016\001\016\111\016\104\016\002}{chapter.5}% 43
\BOOKMARK [1][-]{section.5.3}{\376\377\016\002\016\111\016\055\016\010\016\063\016\001\016\061\016\024\016\101\016\045\016\060\016\002\016\111\016\055\016\100\016\052\016\031\016\055\016\101\016\031\016\060}{chapter.5}% 44
\BOOKMARK [0][-]{section.5.3}{\376\377\000A\000p\000p\000e\000n\000d\000i\000x}{}% 45
\BOOKMARK [0][-]{section.5.3}{\376\377\000A\000\040\016\012\016\067\016\110\016\055\016\040\016\062\016\004\016\034\016\031\016\047\016\001\016\027\016\065\016\110\000\040\0001}{}% 46
\BOOKMARK [0][-]{equation.1.3.5}{\376\377\000B\000\040\016\012\016\067\016\110\016\055\016\040\016\062\016\004\016\034\016\031\016\047\016\001\016\027\016\065\016\110\000\040\0002}{}% 47
